#! /usr/bin/vvp
:ivl_version "11.0 (stable)";
:ivl_delay_selection "TYPICAL";
:vpi_time_precision - 10;
:vpi_module "/usr/lib/x86_64-linux-gnu/ivl/system.vpi";
:vpi_module "/usr/lib/x86_64-linux-gnu/ivl/vhdl_sys.vpi";
:vpi_module "/usr/lib/x86_64-linux-gnu/ivl/vhdl_textio.vpi";
:vpi_module "/usr/lib/x86_64-linux-gnu/ivl/v2005_math.vpi";
:vpi_module "/usr/lib/x86_64-linux-gnu/ivl/va_math.vpi";
S_0x64d52bc0ccf0 .scope module, "group" "group" 2 3;
 .timescale -9 -10;
L_0x64d52bc6b2c0 .functor OR 1, v0x64d52bc89c40_0, v0x64d52bc8b150_0, C4<0>, C4<0>;
L_0x64d52bc3ffe0 .functor OR 1, L_0x64d52bc6b2c0, v0x64d52bc88cf0_0, C4<0>, C4<0>;
L_0x64d52bc8cb00 .functor OR 1, v0x64d52bc89b30_0, v0x64d52bc8b090_0, C4<0>, C4<0>;
L_0x64d52bc8cc10 .functor OR 1, L_0x64d52bc8cb00, v0x64d52bc88e90_0, C4<0>, C4<0>;
L_0x64d52bc8cd70 .functor OR 16, v0x64d52bc89da0_0, v0x64d52bc8b300_0, C4<0000000000000000>, C4<0000000000000000>;
L_0x64d52bc8ce80 .functor OR 16, L_0x64d52bc8cd70, v0x64d52bc88db0_0, C4<0000000000000000>, C4<0000000000000000>;
L_0x64d52bc8d020 .functor OR 16, v0x64d52bc89f20_0, v0x64d52bc890f0_0, C4<0000000000000000>, C4<0000000000000000>;
L_0x64d52bc8d180 .functor AND 1, v0x64d52bc8b860_0, v0x64d52bc898d0_0, C4<1>, C4<1>;
L_0x64d52bc8d2e0 .functor AND 1, v0x64d52bc8b860_0, v0x64d52bc898d0_0, C4<1>, C4<1>;
L_0x64d52bc8d350 .functor AND 1, L_0x64d52bc8d2e0, v0x64d52bc88c30_0, C4<1>, C4<1>;
v0x64d52bc8b4e0_0 .net *"_ivl_0", 0 0, L_0x64d52bc6b2c0;  1 drivers
v0x64d52bc8b5e0_0 .net *"_ivl_16", 0 0, L_0x64d52bc8d2e0;  1 drivers
v0x64d52bc8b6c0_0 .net *"_ivl_4", 0 0, L_0x64d52bc8cb00;  1 drivers
v0x64d52bc8b780_0 .net *"_ivl_8", 15 0, L_0x64d52bc8cd70;  1 drivers
v0x64d52bc8b860_0 .var "clk", 0 0;
v0x64d52bc8b9a0_0 .net "cpu_clock", 0 0, L_0x64d52bc8d180;  1 drivers
v0x64d52bc8ba40_0 .net "cpu_done", 0 0, v0x64d52bc88c30_0;  1 drivers
v0x64d52bc8bae0_0 .net "loader_done", 0 0, v0x64d52bc898d0_0;  1 drivers
v0x64d52bc8bb80_0 .net "locator_bus", 15 0, L_0x64d52bc8ce80;  1 drivers
v0x64d52bc8bc50_0 .net "locator_cpu", 15 0, v0x64d52bc88db0_0;  1 drivers
v0x64d52bc8bd20_0 .net "locator_loader", 15 0, v0x64d52bc89da0_0;  1 drivers
v0x64d52bc8bdf0_0 .net "locator_reader", 15 0, v0x64d52bc8b300_0;  1 drivers
v0x64d52bc8bec0_0 .net "mode_cpu", 0 0, v0x64d52bc88e90_0;  1 drivers
v0x64d52bc8bf90_0 .net "mode_loader", 0 0, v0x64d52bc89b30_0;  1 drivers
v0x64d52bc8c060_0 .net "mode_reader", 0 0, v0x64d52bc8b090_0;  1 drivers
v0x64d52bc8c130_0 .net "mode_wire", 0 0, L_0x64d52bc8cc10;  1 drivers
v0x64d52bc8c200_0 .net "read_bus", 15 0, v0x64d52bc8a620_0;  1 drivers
v0x64d52bc8c2a0_0 .net "reader_clock", 0 0, L_0x64d52bc8d350;  1 drivers
v0x64d52bc8c340_0 .net "request_cpu", 0 0, v0x64d52bc88cf0_0;  1 drivers
v0x64d52bc8c410_0 .net "request_loader", 0 0, v0x64d52bc89c40_0;  1 drivers
v0x64d52bc8c4e0_0 .net "request_reader", 0 0, v0x64d52bc8b150_0;  1 drivers
v0x64d52bc8c5b0_0 .net "request_wire", 0 0, L_0x64d52bc3ffe0;  1 drivers
v0x64d52bc8c680_0 .net "response_wire", 0 0, v0x64d52bc8a890_0;  1 drivers
v0x64d52bc8c720_0 .net "write_bus", 15 0, L_0x64d52bc8d020;  1 drivers
v0x64d52bc8c7f0_0 .net "write_cpu", 15 0, v0x64d52bc890f0_0;  1 drivers
v0x64d52bc8c8c0_0 .net "write_loader", 15 0, v0x64d52bc89f20_0;  1 drivers
S_0x64d52bc0ce80 .scope module, "cpu" "command_processor" 2 78, 3 9 0, S_0x64d52bc0ccf0;
 .timescale -9 -10;
    .port_info 0 /INPUT 1 "clk";
    .port_info 1 /INPUT 1 "mem_response";
    .port_info 2 /INPUT 16 "mem_read";
    .port_info 3 /OUTPUT 16 "mem_locator";
    .port_info 4 /OUTPUT 16 "mem_write";
    .port_info 5 /OUTPUT 1 "mem_mode";
    .port_info 6 /OUTPUT 1 "mem_block";
    .port_info 7 /OUTPUT 1 "done";
v0x64d52bc6b420_0 .var "argument", 15 0;
v0x64d52bc40180_0 .net "clk", 0 0, L_0x64d52bc8d180;  alias, 1 drivers
v0x64d52bc88960_0 .var "cmd_ptr", 15 0;
v0x64d52bc88a20_0 .var "command", 15 0;
v0x64d52bc88b00_0 .var "cpu_phase", 1 0;
v0x64d52bc88c30_0 .var "done", 0 0;
v0x64d52bc88cf0_0 .var "mem_block", 0 0;
v0x64d52bc88db0_0 .var "mem_locator", 15 0;
v0x64d52bc88e90_0 .var "mem_mode", 0 0;
v0x64d52bc88f50_0 .net "mem_read", 15 0, v0x64d52bc8a620_0;  alias, 1 drivers
v0x64d52bc89030_0 .net "mem_response", 0 0, v0x64d52bc8a890_0;  alias, 1 drivers
v0x64d52bc890f0_0 .var "mem_write", 15 0;
v0x64d52bc891d0_0 .var "reg_left", 15 0;
v0x64d52bc892b0_0 .var "reg_right", 15 0;
v0x64d52bc89390_0 .var "stk_ptr", 15 0;
E_0x64d52bc4f760 .event negedge, v0x64d52bc89030_0;
E_0x64d52bc500c0 .event posedge, v0x64d52bc40180_0;
S_0x64d52bc89570 .scope module, "loader" "rom_loader" 2 70, 4 3 0, S_0x64d52bc0ccf0;
 .timescale -9 -10;
    .port_info 0 /INPUT 1 "clk";
    .port_info 1 /INPUT 1 "memory_response";
    .port_info 2 /OUTPUT 16 "write_bus";
    .port_info 3 /OUTPUT 16 "locator_bus";
    .port_info 4 /OUTPUT 1 "memory_request";
    .port_info 5 /OUTPUT 1 "done";
    .port_info 6 /OUTPUT 1 "memory_mode";
v0x64d52bc897f0_0 .net "clk", 0 0, v0x64d52bc8b860_0;  1 drivers
v0x64d52bc898d0_0 .var "done", 0 0;
v0x64d52bc89990_0 .var "file_size", 15 0;
v0x64d52bc89a50_0 .net "locator_bus", 15 0, v0x64d52bc89da0_0;  alias, 1 drivers
v0x64d52bc89b30_0 .var "memory_mode", 0 0;
v0x64d52bc89c40_0 .var "memory_request", 0 0;
v0x64d52bc89d00_0 .net "memory_response", 0 0, v0x64d52bc8a890_0;  alias, 1 drivers
v0x64d52bc89da0_0 .var "progress", 15 0;
v0x64d52bc89e60 .array "temp", 0 65536, 15 0;
v0x64d52bc89f20_0 .var "write_bus", 15 0;
E_0x64d52bc6ab50 .event posedge, v0x64d52bc897f0_0;
S_0x64d52bc8a0e0 .scope module, "mem" "memory" 2 62, 5 6 0, S_0x64d52bc0ccf0;
 .timescale -9 -10;
    .port_info 0 /INPUT 1 "clk";
    .port_info 1 /INPUT 1 "request_flag";
    .port_info 2 /INPUT 1 "mode_flag";
    .port_info 3 /INPUT 16 "locator";
    .port_info 4 /INPUT 16 "write_bus";
    .port_info 5 /OUTPUT 16 "read_bus";
    .port_info 6 /OUTPUT 1 "response_flag";
v0x64d52bc8a340_0 .net "clk", 0 0, v0x64d52bc8b860_0;  alias, 1 drivers
v0x64d52bc8a400_0 .net "locator", 15 0, L_0x64d52bc8ce80;  alias, 1 drivers
v0x64d52bc8a4c0 .array "memory", 0 65535, 15 0;
v0x64d52bc8a560_0 .net "mode_flag", 0 0, L_0x64d52bc8cc10;  alias, 1 drivers
v0x64d52bc8a620_0 .var "read_bus", 15 0;
v0x64d52bc8a730_0 .net "request_flag", 0 0, L_0x64d52bc3ffe0;  alias, 1 drivers
v0x64d52bc8a7d0_0 .var "reset", 0 0;
v0x64d52bc8a890_0 .var "response_flag", 0 0;
v0x64d52bc8a980_0 .net "write_bus", 15 0, L_0x64d52bc8d020;  alias, 1 drivers
E_0x64d52bc6b9e0 .event negedge, v0x64d52bc897f0_0;
S_0x64d52bc8ab80 .scope module, "reader" "rom_reader" 2 87, 6 3 0, S_0x64d52bc0ccf0;
 .timescale -9 -10;
    .port_info 0 /INPUT 1 "clk";
    .port_info 1 /INPUT 1 "memory_response";
    .port_info 2 /OUTPUT 16 "locator_bus";
    .port_info 3 /OUTPUT 1 "memory_request";
    .port_info 4 /OUTPUT 1 "done";
    .port_info 5 /OUTPUT 1 "memory_mode";
v0x64d52bc8ae30_0 .net "clk", 0 0, L_0x64d52bc8d350;  alias, 1 drivers
v0x64d52bc8af10_0 .var "done", 0 0;
v0x64d52bc8afd0_0 .net "locator_bus", 15 0, v0x64d52bc8b300_0;  alias, 1 drivers
v0x64d52bc8b090_0 .var "memory_mode", 0 0;
v0x64d52bc8b150_0 .var "memory_request", 0 0;
v0x64d52bc8b260_0 .net "memory_response", 0 0, v0x64d52bc8a890_0;  alias, 1 drivers
v0x64d52bc8b300_0 .var "progress", 15 0;
E_0x64d52bc8adb0 .event posedge, v0x64d52bc8ae30_0;
    .scope S_0x64d52bc8a0e0;
T_0 ;
    %pushi/vec4 0, 0, 1;
    %store/vec4 v0x64d52bc8a890_0, 0, 1;
    %pushi/vec4 0, 0, 16;
    %store/vec4 v0x64d52bc8a620_0, 0, 16;
    %pushi/vec4 0, 0, 1;
    %store/vec4 v0x64d52bc8a7d0_0, 0, 1;
    %end;
    .thread T_0;
    .scope S_0x64d52bc8a0e0;
T_1 ;
    %wait E_0x64d52bc6b9e0;
    %load/vec4 v0x64d52bc8a7d0_0;
    %flag_set/vec4 8;
    %jmp/0xz  T_1.0, 8;
    %pushi/vec4 0, 0, 1;
    %store/vec4 v0x64d52bc8a7d0_0, 0, 1;
    %pushi/vec4 0, 0, 1;
    %store/vec4 v0x64d52bc8a890_0, 0, 1;
    %jmp T_1.1;
T_1.0 ;
    %load/vec4 v0x64d52bc8a730_0;
    %load/vec4 v0x64d52bc8a890_0;
    %inv;
    %and;
    %flag_set/vec4 8;
    %jmp/0xz  T_1.2, 8;
    %pushi/vec4 1, 0, 1;
    %store/vec4 v0x64d52bc8a890_0, 0, 1;
    %load/vec4 v0x64d52bc8a560_0;
    %dup/vec4;
    %pushi/vec4 0, 0, 1;
    %cmp/u;
    %jmp/1 T_1.4, 6;
    %dup/vec4;
    %pushi/vec4 1, 0, 1;
    %cmp/u;
    %jmp/1 T_1.5, 6;
    %jmp T_1.6;
T_1.4 ;
    %load/vec4 v0x64d52bc8a400_0;
    %pad/u 18;
    %ix/vec4 4;
    %load/vec4a v0x64d52bc8a4c0, 4;
    %store/vec4 v0x64d52bc8a620_0, 0, 16;
    %jmp T_1.6;
T_1.5 ;
    %load/vec4 v0x64d52bc8a980_0;
    %load/vec4 v0x64d52bc8a400_0;
    %pad/u 18;
    %ix/vec4 4;
    %store/vec4a v0x64d52bc8a4c0, 4, 0;
    %jmp T_1.6;
T_1.6 ;
    %pop/vec4 1;
    %pushi/vec4 1, 0, 1;
    %store/vec4 v0x64d52bc8a7d0_0, 0, 1;
T_1.2 ;
T_1.1 ;
    %jmp T_1;
    .thread T_1;
    .scope S_0x64d52bc89570;
T_2 ;
    %vpi_call 4 22 "$readmemh", "program.txt", v0x64d52bc89e60 {0 0 0};
    %ix/load 4, 0, 0;
    %flag_set/imm 4, 0;
    %load/vec4a v0x64d52bc89e60, 4;
    %store/vec4 v0x64d52bc89990_0, 0, 16;
    %pushi/vec4 0, 0, 16;
    %store/vec4 v0x64d52bc89da0_0, 0, 16;
    %pushi/vec4 1, 0, 1;
    %store/vec4 v0x64d52bc89b30_0, 0, 1;
    %pushi/vec4 0, 0, 1;
    %store/vec4 v0x64d52bc89c40_0, 0, 1;
    %pushi/vec4 0, 0, 1;
    %store/vec4 v0x64d52bc898d0_0, 0, 1;
    %end;
    .thread T_2;
    .scope S_0x64d52bc89570;
T_3 ;
    %wait E_0x64d52bc6ab50;
    %load/vec4 v0x64d52bc898d0_0;
    %inv;
    %load/vec4 v0x64d52bc89c40_0;
    %inv;
    %and;
    %flag_set/vec4 8;
    %jmp/0xz  T_3.0, 8;
    %load/vec4 v0x64d52bc89da0_0;
    %load/vec4 v0x64d52bc89990_0;
    %cmp/u;
    %flag_or 5, 4;
    %jmp/0xz  T_3.2, 5;
    %load/vec4 v0x64d52bc89da0_0;
    %pad/u 33;
    %addi 1, 0, 33;
    %ix/vec4 4;
    %load/vec4a v0x64d52bc89e60, 4;
    %store/vec4 v0x64d52bc89f20_0, 0, 16;
    %jmp T_3.3;
T_3.2 ;
    %load/vec4 v0x64d52bc89da0_0;
    %load/vec4 v0x64d52bc89990_0;
    %cmp/e;
    %jmp/0xz  T_3.4, 4;
    %pushi/vec4 0, 0, 16;
    %store/vec4 v0x64d52bc89f20_0, 0, 16;
T_3.4 ;
T_3.3 ;
    %load/vec4 v0x64d52bc89da0_0;
    %pad/u 32;
    %cmpi/e 65535, 0, 32;
    %jmp/0xz  T_3.6, 4;
    %pushi/vec4 1, 0, 1;
    %store/vec4 v0x64d52bc898d0_0, 0, 1;
    %pushi/vec4 0, 0, 1;
    %store/vec4 v0x64d52bc89b30_0, 0, 1;
    %pushi/vec4 0, 0, 16;
    %store/vec4 v0x64d52bc89da0_0, 0, 16;
    %pushi/vec4 0, 0, 16;
    %store/vec4 v0x64d52bc89f20_0, 0, 16;
    %jmp T_3.7;
T_3.6 ;
    %pushi/vec4 1, 0, 1;
    %store/vec4 v0x64d52bc89c40_0, 0, 1;
T_3.7 ;
T_3.0 ;
    %jmp T_3;
    .thread T_3;
    .scope S_0x64d52bc89570;
T_4 ;
    %wait E_0x64d52bc4f760;
    %load/vec4 v0x64d52bc89c40_0;
    %load/vec4 v0x64d52bc898d0_0;
    %inv;
    %and;
    %flag_set/vec4 8;
    %jmp/0xz  T_4.0, 8;
    %pushi/vec4 0, 0, 1;
    %store/vec4 v0x64d52bc89c40_0, 0, 1;
    %load/vec4 v0x64d52bc89da0_0;
    %addi 1, 0, 16;
    %store/vec4 v0x64d52bc89da0_0, 0, 16;
T_4.0 ;
    %jmp T_4;
    .thread T_4;
    .scope S_0x64d52bc0ce80;
T_5 ;
    %pushi/vec4 0, 0, 16;
    %store/vec4 v0x64d52bc88db0_0, 0, 16;
    %pushi/vec4 0, 0, 16;
    %store/vec4 v0x64d52bc890f0_0, 0, 16;
    %pushi/vec4 0, 0, 1;
    %store/vec4 v0x64d52bc88e90_0, 0, 1;
    %pushi/vec4 0, 0, 1;
    %store/vec4 v0x64d52bc88cf0_0, 0, 1;
    %pushi/vec4 0, 0, 1;
    %store/vec4 v0x64d52bc88c30_0, 0, 1;
    %pushi/vec4 0, 0, 16;
    %store/vec4 v0x64d52bc891d0_0, 0, 16;
    %pushi/vec4 0, 0, 16;
    %store/vec4 v0x64d52bc892b0_0, 0, 16;
    %pushi/vec4 0, 0, 16;
    %store/vec4 v0x64d52bc88960_0, 0, 16;
    %pushi/vec4 255, 0, 16;
    %store/vec4 v0x64d52bc89390_0, 0, 16;
    %pushi/vec4 0, 0, 2;
    %store/vec4 v0x64d52bc88b00_0, 0, 2;
    %end;
    .thread T_5;
    .scope S_0x64d52bc0ce80;
T_6 ;
    %end;
    .thread T_6;
    .scope S_0x64d52bc0ce80;
T_7 ;
    %wait E_0x64d52bc500c0;
    %load/vec4 v0x64d52bc88cf0_0;
    %inv;
    %load/vec4 v0x64d52bc88c30_0;
    %inv;
    %and;
    %flag_set/vec4 8;
    %jmp/0xz  T_7.0, 8;
    %load/vec4 v0x64d52bc88b00_0;
    %dup/vec4;
    %pushi/vec4 0, 0, 2;
    %cmp/u;
    %jmp/1 T_7.2, 6;
    %dup/vec4;
    %pushi/vec4 1, 0, 2;
    %cmp/u;
    %jmp/1 T_7.3, 6;
    %dup/vec4;
    %pushi/vec4 2, 0, 2;
    %cmp/u;
    %jmp/1 T_7.4, 6;
    %dup/vec4;
    %pushi/vec4 3, 0, 2;
    %cmp/u;
    %jmp/1 T_7.5, 6;
    %jmp T_7.6;
T_7.2 ;
    %pushi/vec4 0, 0, 1;
    %store/vec4 v0x64d52bc88e90_0, 0, 1;
    %load/vec4 v0x64d52bc88960_0;
    %store/vec4 v0x64d52bc88db0_0, 0, 16;
    %pushi/vec4 1, 0, 1;
    %store/vec4 v0x64d52bc88cf0_0, 0, 1;
    %jmp T_7.6;
T_7.3 ;
    %load/vec4 v0x64d52bc88f50_0;
    %store/vec4 v0x64d52bc88a20_0, 0, 16;
    %load/vec4 v0x64d52bc88960_0;
    %addi 1, 0, 16;
    %store/vec4 v0x64d52bc88db0_0, 0, 16;
    %pushi/vec4 1, 0, 1;
    %store/vec4 v0x64d52bc88cf0_0, 0, 1;
    %jmp T_7.6;
T_7.4 ;
    %load/vec4 v0x64d52bc88f50_0;
    %store/vec4 v0x64d52bc6b420_0, 0, 16;
    %load/vec4 v0x64d52bc88a20_0;
    %dup/vec4;
    %pushi/vec4 61440, 0, 16;
    %cmp/u;
    %jmp/1 T_7.7, 6;
    %dup/vec4;
    %pushi/vec4 61441, 0, 16;
    %cmp/u;
    %jmp/1 T_7.8, 6;
    %dup/vec4;
    %pushi/vec4 8192, 0, 16;
    %cmp/u;
    %jmp/1 T_7.9, 6;
    %dup/vec4;
    %pushi/vec4 8193, 0, 16;
    %cmp/u;
    %jmp/1 T_7.10, 6;
    %dup/vec4;
    %pushi/vec4 65535, 0, 16;
    %cmp/u;
    %jmp/1 T_7.11, 6;
    %jmp T_7.12;
T_7.7 ;
    %load/vec4 v0x64d52bc6b420_0;
    %store/vec4 v0x64d52bc88db0_0, 0, 16;
    %load/vec4 v0x64d52bc891d0_0;
    %store/vec4 v0x64d52bc890f0_0, 0, 16;
    %pushi/vec4 1, 0, 1;
    %store/vec4 v0x64d52bc88e90_0, 0, 1;
    %pushi/vec4 1, 0, 1;
    %store/vec4 v0x64d52bc88cf0_0, 0, 1;
    %jmp T_7.12;
T_7.8 ;
    %load/vec4 v0x64d52bc6b420_0;
    %store/vec4 v0x64d52bc88db0_0, 0, 16;
    %load/vec4 v0x64d52bc892b0_0;
    %store/vec4 v0x64d52bc890f0_0, 0, 16;
    %pushi/vec4 1, 0, 1;
    %store/vec4 v0x64d52bc88e90_0, 0, 1;
    %pushi/vec4 1, 0, 1;
    %store/vec4 v0x64d52bc88cf0_0, 0, 1;
    %jmp T_7.12;
T_7.9 ;
    %pushi/vec4 0, 0, 1;
    %store/vec4 v0x64d52bc88e90_0, 0, 1;
    %load/vec4 v0x64d52bc6b420_0;
    %store/vec4 v0x64d52bc88db0_0, 0, 16;
    %pushi/vec4 1, 0, 1;
    %store/vec4 v0x64d52bc88cf0_0, 0, 1;
    %jmp T_7.12;
T_7.10 ;
    %pushi/vec4 0, 0, 1;
    %store/vec4 v0x64d52bc88e90_0, 0, 1;
    %load/vec4 v0x64d52bc6b420_0;
    %store/vec4 v0x64d52bc88db0_0, 0, 16;
    %pushi/vec4 1, 0, 1;
    %store/vec4 v0x64d52bc88cf0_0, 0, 1;
    %jmp T_7.12;
T_7.11 ;
    %pushi/vec4 1, 0, 1;
    %store/vec4 v0x64d52bc88c30_0, 0, 1;
    %pushi/vec4 0, 0, 16;
    %store/vec4 v0x64d52bc890f0_0, 0, 16;
    %pushi/vec4 0, 0, 16;
    %store/vec4 v0x64d52bc88db0_0, 0, 16;
    %pushi/vec4 0, 0, 1;
    %store/vec4 v0x64d52bc88e90_0, 0, 1;
    %jmp T_7.12;
T_7.12 ;
    %pop/vec4 1;
    %jmp T_7.6;
T_7.5 ;
    %load/vec4 v0x64d52bc88a20_0;
    %dup/vec4;
    %pushi/vec4 61440, 0, 16;
    %cmp/u;
    %jmp/1 T_7.13, 6;
    %dup/vec4;
    %pushi/vec4 61441, 0, 16;
    %cmp/u;
    %jmp/1 T_7.14, 6;
    %dup/vec4;
    %pushi/vec4 8192, 0, 16;
    %cmp/u;
    %jmp/1 T_7.15, 6;
    %dup/vec4;
    %pushi/vec4 8193, 0, 16;
    %cmp/u;
    %jmp/1 T_7.16, 6;
    %jmp T_7.17;
T_7.13 ;
    %jmp T_7.17;
T_7.14 ;
    %jmp T_7.17;
T_7.15 ;
    %load/vec4 v0x64d52bc88f50_0;
    %store/vec4 v0x64d52bc891d0_0, 0, 16;
    %jmp T_7.17;
T_7.16 ;
    %load/vec4 v0x64d52bc88f50_0;
    %store/vec4 v0x64d52bc892b0_0, 0, 16;
    %jmp T_7.17;
T_7.17 ;
    %pop/vec4 1;
    %load/vec4 v0x64d52bc88960_0;
    %addi 2, 0, 16;
    %store/vec4 v0x64d52bc88960_0, 0, 16;
    %jmp T_7.6;
T_7.6 ;
    %pop/vec4 1;
    %load/vec4 v0x64d52bc88b00_0;
    %addi 1, 0, 2;
    %store/vec4 v0x64d52bc88b00_0, 0, 2;
T_7.0 ;
    %jmp T_7;
    .thread T_7;
    .scope S_0x64d52bc0ce80;
T_8 ;
    %wait E_0x64d52bc4f760;
    %pushi/vec4 0, 0, 1;
    %store/vec4 v0x64d52bc88cf0_0, 0, 1;
    %jmp T_8;
    .thread T_8;
    .scope S_0x64d52bc8ab80;
T_9 ;
    %pushi/vec4 0, 0, 16;
    %store/vec4 v0x64d52bc8b300_0, 0, 16;
    %pushi/vec4 0, 0, 1;
    %store/vec4 v0x64d52bc8b090_0, 0, 1;
    %pushi/vec4 0, 0, 1;
    %store/vec4 v0x64d52bc8b150_0, 0, 1;
    %pushi/vec4 0, 0, 1;
    %store/vec4 v0x64d52bc8af10_0, 0, 1;
    %end;
    .thread T_9;
    .scope S_0x64d52bc8ab80;
T_10 ;
    %wait E_0x64d52bc8adb0;
    %load/vec4 v0x64d52bc8af10_0;
    %inv;
    %load/vec4 v0x64d52bc8b150_0;
    %inv;
    %and;
    %flag_set/vec4 8;
    %jmp/0xz  T_10.0, 8;
    %pushi/vec4 1, 0, 1;
    %store/vec4 v0x64d52bc8b150_0, 0, 1;
T_10.0 ;
    %jmp T_10;
    .thread T_10;
    .scope S_0x64d52bc8ab80;
T_11 ;
    %wait E_0x64d52bc4f760;
    %load/vec4 v0x64d52bc8b150_0;
    %load/vec4 v0x64d52bc8af10_0;
    %inv;
    %and;
    %flag_set/vec4 8;
    %jmp/0xz  T_11.0, 8;
    %pushi/vec4 0, 0, 1;
    %store/vec4 v0x64d52bc8b150_0, 0, 1;
    %load/vec4 v0x64d52bc8b300_0;
    %addi 1, 0, 16;
    %store/vec4 v0x64d52bc8b300_0, 0, 16;
    %load/vec4 v0x64d52bc8b300_0;
    %pad/u 32;
    %cmpi/e 65535, 0, 32;
    %jmp/0xz  T_11.2, 4;
    %pushi/vec4 1, 0, 1;
    %store/vec4 v0x64d52bc8af10_0, 0, 1;
    %pushi/vec4 0, 0, 16;
    %store/vec4 v0x64d52bc8b300_0, 0, 16;
T_11.2 ;
T_11.0 ;
    %jmp T_11;
    .thread T_11;
    .scope S_0x64d52bc0ccf0;
T_12 ;
    %pushi/vec4 0, 0, 1;
    %store/vec4 v0x64d52bc8b860_0, 0, 1;
    %end;
    .thread T_12;
    .scope S_0x64d52bc0ccf0;
T_13 ;
    %delay 10, 0;
    %load/vec4 v0x64d52bc8b860_0;
    %inv;
    %store/vec4 v0x64d52bc8b860_0, 0, 1;
    %jmp T_13;
    .thread T_13;
    .scope S_0x64d52bc0ccf0;
T_14 ;
    %vpi_call 2 58 "$dumpvars" {0 0 0};
    %delay 10000000, 0;
    %vpi_call 2 59 "$finish" {0 0 0};
    %end;
    .thread T_14;
# The file index is used to find the file name in the following table.
:file_names 7;
    "N/A";
    "<interactive>";
    "top.v";
    "cpu.v";
    "rom_loader.v";
    "memory.v";
    "rom_reader.v";
